<?xml version="1.0" encoding="UTF-8"?>
<testng-results skipped="0" failed="0" ignored="0" total="1" passed="1">
  <reporter-output>
  </reporter-output>
  <suite name="Default suite" duration-ms="57914" started-at="2019-07-23T06:58:19Z" finished-at="2019-07-23T06:59:17Z">
    <groups>
    </groups>
    <test name="Default test" duration-ms="57914" started-at="2019-07-23T06:58:19Z" finished-at="2019-07-23T06:59:17Z">
      <class name="PageObjectRepository.PageImplementation">
        <test-method status="PASS" signature="f()[pri:0, instance:PageObjectRepository.PageImplementation@3ffc5af1]" name="f" duration-ms="57429" started-at="2019-07-23T06:58:19Z" finished-at="2019-07-23T06:59:17Z">
          <reporter-output>
          </reporter-output>
        </test-method> <!-- f -->
      </class> <!-- PageObjectRepository.PageImplementation -->
    </test> <!-- Default test -->
  </suite> <!-- Default suite -->
</testng-results>
